  winMain.cpp
c:\users\j\desktop\metal\개천팀\maingame.h(3): error C2059: 구문 오류: '<<'
c:\users\j\desktop\metal\개천팀\player.h(8): error C2143: 구문 오류: ';'이(가) '{' 앞에 없습니다.
c:\users\j\desktop\metal\개천팀\player.h(8): error C2447: '{': 함수 헤더가 없습니다. 이전 스타일의 형식 목록입니까?
c:\users\j\desktop\metal\개천팀\player.h(29): error C3646: '_playerdirection': 알 수 없는 재정의 지정자입니다.
c:\users\j\desktop\metal\개천팀\player.h(29): error C4430: 형식 지정자가 없습니다. int로 가정합니다. 참고: C++에서는 기본 int를 지원하지 않습니다.
c:\users\j\desktop\metal\개천팀\maingame.h(5): error C2059: 구문 오류: '=='
c:\users\j\desktop\metal\개천팀\zombie.h(6): error C2143: 구문 오류: ';'이(가) '{' 앞에 없습니다.
c:\users\j\desktop\metal\개천팀\zombie.h(6): error C2447: '{': 함수 헤더가 없습니다. 이전 스타일의 형식 목록입니까?
c:\users\j\desktop\metal\개천팀\zombie.h(27): error C3646: '_zombie': 알 수 없는 재정의 지정자입니다.
c:\users\j\desktop\metal\개천팀\zombie.h(27): error C4430: 형식 지정자가 없습니다. int로 가정합니다. 참고: C++에서는 기본 int를 지원하지 않습니다.
c:\users\j\desktop\metal\개천팀\zombie.h(37): error C3646: 'getZombie': 알 수 없는 재정의 지정자입니다.
c:\users\j\desktop\metal\개천팀\zombie.h(37): error C2059: 구문 오류: '('
c:\users\j\desktop\metal\개천팀\zombie.h(37): error C2334: '{' 앞에 예기치 않은 토큰이 있습니다. 명백한 함수 본문을 건너뜁니다.
c:\users\j\desktop\metal\개천팀\maingame.h(8): error C2059: 구문 오류: '>>'
c:\users\j\desktop\metal\개천팀\maingame.h(10): error C2059: 구문 오류: 'public'
c:\users\j\desktop\metal\개천팀\maingame.h(11): error C2143: 구문 오류: ';'이(가) '{' 앞에 없습니다.
c:\users\j\desktop\metal\개천팀\maingame.h(11): error C2447: '{': 함수 헤더가 없습니다. 이전 스타일의 형식 목록입니까?
c:\users\j\desktop\metal\개천팀\winmain.cpp(12): error C4430: 형식 지정자가 없습니다. int로 가정합니다. 참고: C++에서는 기본 int를 지원하지 않습니다.
c:\users\j\desktop\metal\개천팀\winmain.cpp(12): error C2146: 구문 오류: ';'이(가) '_mg' 식별자 앞에 없습니다.
c:\users\j\desktop\metal\개천팀\winmain.cpp(63): error C2065: '_mg': 선언되지 않은 식별자입니다.
c:\users\j\desktop\metal\개천팀\winmain.cpp(63): error C2228: '.init' 왼쪽에는 클래스/구조체/공용 구조체가 있어야 합니다.
  c:\users\j\desktop\metal\개천팀\winmain.cpp(63): note: 'unknown-type' 형식입니다.
c:\users\j\desktop\metal\개천팀\winmain.cpp(81): error C2065: '_mg': 선언되지 않은 식별자입니다.
c:\users\j\desktop\metal\개천팀\winmain.cpp(81): error C2228: '.update' 왼쪽에는 클래스/구조체/공용 구조체가 있어야 합니다.
  c:\users\j\desktop\metal\개천팀\winmain.cpp(81): note: 'unknown-type' 형식입니다.
c:\users\j\desktop\metal\개천팀\winmain.cpp(82): error C2065: '_mg': 선언되지 않은 식별자입니다.
c:\users\j\desktop\metal\개천팀\winmain.cpp(82): error C2228: '.render' 왼쪽에는 클래스/구조체/공용 구조체가 있어야 합니다.
  c:\users\j\desktop\metal\개천팀\winmain.cpp(82): note: 'unknown-type' 형식입니다.
c:\users\j\desktop\metal\개천팀\winmain.cpp(98): error C2065: '_mg': 선언되지 않은 식별자입니다.
c:\users\j\desktop\metal\개천팀\winmain.cpp(98): error C2228: '.release' 왼쪽에는 클래스/구조체/공용 구조체가 있어야 합니다.
  c:\users\j\desktop\metal\개천팀\winmain.cpp(98): note: 'unknown-type' 형식입니다.
c:\users\j\desktop\metal\개천팀\winmain.cpp(102): warning C4244: 'return': 'WPARAM'에서 'int'(으)로 변환하면서 데이터가 손실될 수 있습니다.
c:\users\j\desktop\metal\개천팀\winmain.cpp(108): error C2065: '_mg': 선언되지 않은 식별자입니다.
c:\users\j\desktop\metal\개천팀\winmain.cpp(108): error C2228: '.MainProc' 왼쪽에는 클래스/구조체/공용 구조체가 있어야 합니다.
  c:\users\j\desktop\metal\개천팀\winmain.cpp(108): note: 'unknown-type' 형식입니다.
  mainGame.cpp
c:\users\j\desktop\metal\개천팀\maingame.h(3): error C2059: 구문 오류: '<<'
c:\users\j\desktop\metal\개천팀\player.h(8): error C2143: 구문 오류: ';'이(가) '{' 앞에 없습니다.
c:\users\j\desktop\metal\개천팀\player.h(8): error C2447: '{': 함수 헤더가 없습니다. 이전 스타일의 형식 목록입니까?
c:\users\j\desktop\metal\개천팀\player.h(29): error C3646: '_playerdirection': 알 수 없는 재정의 지정자입니다.
c:\users\j\desktop\metal\개천팀\player.h(29): error C4430: 형식 지정자가 없습니다. int로 가정합니다. 참고: C++에서는 기본 int를 지원하지 않습니다.
c:\users\j\desktop\metal\개천팀\maingame.h(5): error C2059: 구문 오류: '=='
c:\users\j\desktop\metal\개천팀\zombie.h(6): error C2143: 구문 오류: ';'이(가) '{' 앞에 없습니다.
c:\users\j\desktop\metal\개천팀\zombie.h(6): error C2447: '{': 함수 헤더가 없습니다. 이전 스타일의 형식 목록입니까?
c:\users\j\desktop\metal\개천팀\zombie.h(27): error C3646: '_zombie': 알 수 없는 재정의 지정자입니다.
c:\users\j\desktop\metal\개천팀\zombie.h(27): error C4430: 형식 지정자가 없습니다. int로 가정합니다. 참고: C++에서는 기본 int를 지원하지 않습니다.
c:\users\j\desktop\metal\개천팀\zombie.h(37): error C3646: 'getZombie': 알 수 없는 재정의 지정자입니다.
c:\users\j\desktop\metal\개천팀\zombie.h(37): error C2059: 구문 오류: '('
c:\users\j\desktop\metal\개천팀\zombie.h(37): error C2334: '{' 앞에 예기치 않은 토큰이 있습니다. 명백한 함수 본문을 건너뜁니다.
c:\users\j\desktop\metal\개천팀\maingame.h(8): error C2059: 구문 오류: '>>'
c:\users\j\desktop\metal\개천팀\maingame.h(10): error C2059: 구문 오류: 'public'
c:\users\j\desktop\metal\개천팀\maingame.h(11): error C2143: 구문 오류: ';'이(가) '{' 앞에 없습니다.
c:\users\j\desktop\metal\개천팀\maingame.h(11): error C2447: '{': 함수 헤더가 없습니다. 이전 스타일의 형식 목록입니까?
c:\users\j\desktop\metal\개천팀\maingame.cpp(5): error C2653: 'mainGame': 클래스 또는 네임스페이스 이름이 아닙니다.
c:\users\j\desktop\metal\개천팀\maingame.cpp(6): error C4430: 형식 지정자가 없습니다. int로 가정합니다. 참고: C++에서는 기본 int를 지원하지 않습니다.
c:\users\j\desktop\metal\개천팀\maingame.cpp(7): warning C4508: 'mainGame': 함수는 값을 반환해야 하므로 'void' 반환 형식으로 간주됩니다.
c:\users\j\desktop\metal\개천팀\maingame.cpp(10): error C2653: 'mainGame': 클래스 또는 네임스페이스 이름이 아닙니다.
c:\users\j\desktop\metal\개천팀\maingame.cpp(11): error C4430: 형식 지정자가 없습니다. int로 가정합니다. 참고: C++에서는 기본 int를 지원하지 않습니다.
c:\users\j\desktop\metal\개천팀\maingame.cpp(11): error C2084: 'int mainGame(void)' 함수에 이미 본문이 있습니다.
  c:\users\j\desktop\metal\개천팀\maingame.cpp(5): note: 'mainGame'의 이전 정의를 참조하십시오.
c:\users\j\desktop\metal\개천팀\maingame.cpp(18): error C2653: 'mainGame': 클래스 또는 네임스페이스 이름이 아닙니다.
c:\users\j\desktop\metal\개천팀\maingame.cpp(20): error C2352: 'gameNode::init': 비정적 멤버 함수를 잘못 호출했습니다.
  c:\users\j\desktop\metal\개천팀\gamenode.h(15): note: 'gameNode::init' 선언을 참조하십시오.
c:\users\j\desktop\metal\개천팀\maingame.cpp(22): error C2065: '_zm': 선언되지 않은 식별자입니다.
c:\users\j\desktop\metal\개천팀\maingame.cpp(23): error C2065: '_zm': 선언되지 않은 식별자입니다.
c:\users\j\desktop\metal\개천팀\maingame.cpp(23): error C2227: '->init' 왼쪽은 클래스/구조체/공용 구조체/제네릭 형식을 가리켜야 합니다.
  c:\users\j\desktop\metal\개천팀\maingame.cpp(23): note: 'unknown-type' 형식입니다.
c:\users\j\desktop\metal\개천팀\maingame.cpp(29): error C2653: 'mainGame': 클래스 또는 네임스페이스 이름이 아닙니다.
c:\users\j\desktop\metal\개천팀\maingame.cpp(31): error C2352: 'gameNode::release': 비정적 멤버 함수를 잘못 호출했습니다.
  c:\users\j\desktop\metal\개천팀\gamenode.h(16): note: 'gameNode::release' 선언을 참조하십시오.
c:\users\j\desktop\metal\개천팀\maingame.cpp(32): error C2065: '_zm': 선언되지 않은 식별자입니다.
c:\users\j\desktop\metal\개천팀\maingame.cpp(32): error C2227: '->release' 왼쪽은 클래스/구조체/공용 구조체/제네릭 형식을 가리켜야 합니다.
  c:\users\j\desktop\metal\개천팀\maingame.cpp(32): note: 'unknown-type' 형식입니다.
c:\users\j\desktop\metal\개천팀\maingame.cpp(36): error C2653: 'mainGame': 클래스 또는 네임스페이스 이름이 아닙니다.
c:\users\j\desktop\metal\개천팀\maingame.cpp(38): error C2352: 'gameNode::update': 비정적 멤버 함수를 잘못 호출했습니다.
  c:\users\j\desktop\metal\개천팀\gamenode.h(17): note: 'gameNode::update' 선언을 참조하십시오.
c:\users\j\desktop\metal\개천팀\maingame.cpp(40): error C2065: '_zm': 선언되지 않은 식별자입니다.
c:\users\j\desktop\metal\개천팀\maingame.cpp(40): error C2227: '->update' 왼쪽은 클래스/구조체/공용 구조체/제네릭 형식을 가리켜야 합니다.
  c:\users\j\desktop\metal\개천팀\maingame.cpp(40): note: 'unknown-type' 형식입니다.
c:\users\j\desktop\metal\개천팀\maingame.cpp(46): error C2065: '_zm': 선언되지 않은 식별자입니다.
c:\users\j\desktop\metal\개천팀\maingame.cpp(46): error C2227: '->makeZombie' 왼쪽은 클래스/구조체/공용 구조체/제네릭 형식을 가리켜야 합니다.
  c:\users\j\desktop\metal\개천팀\maingame.cpp(46): note: 'unknown-type' 형식입니다.
c:\users\j\desktop\metal\개천팀\maingame.cpp(51): error C2653: 'mainGame': 클래스 또는 네임스페이스 이름이 아닙니다.
c:\users\j\desktop\metal\개천팀\maingame.cpp(54): error C3861: 'getMemDC': 식별자를 찾을 수 없습니다.
c:\users\j\desktop\metal\개천팀\maingame.cpp(56): error C3861: 'getMemDC': 식별자를 찾을 수 없습니다.
c:\users\j\desktop\metal\개천팀\maingame.cpp(58): error C2065: '_zm': 선언되지 않은 식별자입니다.
c:\users\j\desktop\metal\개천팀\maingame.cpp(58): error C2227: '->render' 왼쪽은 클래스/구조체/공용 구조체/제네릭 형식을 가리켜야 합니다.
  c:\users\j\desktop\metal\개천팀\maingame.cpp(58): note: 'unknown-type' 형식입니다.
c:\users\j\desktop\metal\개천팀\maingame.cpp(61): error C2355: 'this': 비정적 멤버 함수 또는 비정적 데이터 멤버 이니셜라이저 안에서만 참조할 수 있습니다.
c:\users\j\desktop\metal\개천팀\maingame.cpp(61): error C2227: '->getBackBuffer' 왼쪽은 클래스/구조체/공용 구조체/제네릭 형식을 가리켜야 합니다.
c:\users\j\desktop\metal\개천팀\maingame.cpp(61): error C2227: '->render' 왼쪽은 클래스/구조체/공용 구조체/제네릭 형식을 가리켜야 합니다.
c:\users\j\desktop\metal\개천팀\maingame.cpp(61): error C3861: 'getHDC': 식별자를 찾을 수 없습니다.
  코드를 생성하고 있습니다...
